#
# A fatal error has been detected by the Java Runtime Environment:
#
#  SIGSEGV (0xb) at pc=0x0000000121a2ec58, pid=45000, tid=54787
#
# JRE version: Java(TM) SE Runtime Environment (7.0_45-b18) (build 1.7.0_45-b18)
# Java VM: Java HotSpot(TM) 64-Bit Server VM (24.45-b08 mixed mode bsd-amd64 compressed oops)
# Problematic frame:
# C  [librxtxSerial.jnilib+0x3c58]  read_byte_array+0x7f
#
# Failed to write core dump. Core dumps have been disabled. To enable core dumping, try "ulimit -c unlimited" before starting Java again
#
# If you would like to submit a bug report, please visit:
#   http://bugreport.sun.com/bugreport/crash.jsp
# The crash happened outside the Java Virtual Machine in native code.
# See problematic frame for where to report the bug.
#

---------------  T H R E A D  ---------------

Current thread (0x00007f88bb86d800):  JavaThread "NMEA Reader Thread on gnu.io.CommPortIdentifier@d737301 @ 19200bps" [_thread_in_native, id=54787, stack(0x0000000124964000,0x0000000124a64000)]

siginfo:si_signo=SIGSEGV: si_errno=0, si_code=1 (SEGV_MAPERR), si_addr=0x00000001248dd7d8

Registers:
RAX=0x00000001248dd7d0, RBX=0x00000000e037090f, RCX=0x0000000000000000, RDX=0x0000000000000002
RSP=0x0000000124a635f0, RBP=0x0000000124a63730, RSI=0x0000000121a32544, RDI=0x0000000121a32162
R8 =0x0000000000000065, R9 =0x0000000000000000, R10=0x0000000000000010, R11=0x00000000000000b3
R12=0x0000000000000000, R13=0x0000000701f930a0, R14=0x00000000e038b4f7, R15=0x00007f88bb86d800
RIP=0x0000000121a2ec58, EFLAGS=0x0000000000010202, ERR=0x0000000000000004
  TRAPNO=0x000000000000000e

Top of Stack: (sp=0x0000000124a635f0)
0x0000000124a635f0:   0000000000001004 000000010dfaa200
0x0000000124a63600:   0000000124a636a0 0000000100000010
0x0000000124a63610:   ff80000000001004 0000000100001388
0x0000000124a63620:   00007f88ba9b7200 0000003c00000000
0x0000000124a63630:   0000000124a63760 00007f88bb86d9e8
0x0000000124a63640:   0000000000002000 000000010df8d000
0x0000000124a63650:   0000000124a63680 00007fff92bd387c
0x0000000124a63660:   000000010dfbd000 0000000000002000
0x0000000124a63670:   0000000000000700 0000000000000000
0x0000000124a63680:   00007f88ba9b7200 0000000124a636b0
0x0000000124a63690:   0000000000000700 0000000000002000
0x0000000124a636a0:   0000000124a636f0 000000010f61555a
0x0000000124a636b0:   0000000000000020 0000000000001388
0x0000000124a636c0:   0000000000000000 0000000000000000
0x0000000124a636d0:   0000000000000000 0000000701f930a0
0x0000000124a636e0:   0000000000000000 00007f88ba9b7200
0x0000000124a636f0:   0000000000000000 0000000000000000
0x0000000124a63700:   0000000124a63730 00000000bb86d800
0x0000000124a63710:   00000001248dd7d0 0000000000000000
0x0000000124a63720:   00000000e038b4f7 00000000e037090f
0x0000000124a63730:   0000000124a63790 0000000121a2f1bc
0x0000000124a63740:   00007f88bb86d800 00000007ac26a950
0x0000000124a63750:   0000000000000001 0000000124a637a8
0x0000000124a63760:   0000000124a637a0 00007f88bb86d9e8
0x0000000124a63770:   00000007ac26a8e8 00000007ac26a9d0
0x0000000124a63780:   00007f88ba9b7200 000013880000003c
0x0000000124a63790:   0000000124a637e0 000000010fd32a42
0x0000000124a637a0:   0000000701b84878 0000000701c5a7b8
0x0000000124a637b0:   0000000124a63810 0000000701f930a0
0x0000000124a637c0:   00000000e038b4f7 00002000e038c0f9
0x0000000124a637d0:   0000000000000000 0000000124a637f0
0x0000000124a637e0:   0000000000000000 000000010fe054b8 

Instructions: (pc=0x0000000121a2ec58)
0x0000000121a2ec38:   bd 08 ff ff ff 48 8d 0d fe 38 00 00 48 8d 15 f9
0x0000000121a2ec48:   38 00 00 e8 88 1e 00 00 48 89 45 e0 48 8b 45 e0
0x0000000121a2ec58:   8b 40 08 89 45 d8 48 8b 45 e0 c7 40 08 00 00 00
0x0000000121a2ec68:   00 8b 85 ec fe ff ff 89 45 b0 83 bd e8 fe ff ff 

Register to memory mapping:

RAX=0x00000001248dd7d0 is an unknown value
RBX=0x00000000e037090f is an unknown value
RCX=0x0000000000000000 is an unknown value
RDX=0x0000000000000002 is an unknown value
RSP=0x0000000124a635f0 is pointing into the stack for thread: 0x00007f88bb86d800
RBP=0x0000000124a63730 is pointing into the stack for thread: 0x00007f88bb86d800
RSI=0x0000000121a32544: Java_gnu_io_CommPortIdentifier_native_1psmisc_1report_1owner+0x850 in /Library/Java/Extensions/librxtxSerial.jnilib at 0x0000000121a2b000
RDI=0x0000000121a32162: Java_gnu_io_CommPortIdentifier_native_1psmisc_1report_1owner+0x46e in /Library/Java/Extensions/librxtxSerial.jnilib at 0x0000000121a2b000
R8 =0x0000000000000065 is an unknown value
R9 =0x0000000000000000 is an unknown value
R10=0x0000000000000010 is an unknown value
R11=0x00000000000000b3 is an unknown value
R12=0x0000000000000000 is an unknown value
R13=0x0000000701f930a0 is an oop
java.nio.HeapByteBuffer 
 - klass: 'java/nio/HeapByteBuffer'
R14=0x00000000e038b4f7 is an unknown value
R15=0x00007f88bb86d800 is a thread


Stack: [0x0000000124964000,0x0000000124a64000],  sp=0x0000000124a635f0,  free space=1021k
Native frames: (J=compiled Java code, j=interpreted, Vv=VM code, C=native code)
C  [librxtxSerial.jnilib+0x3c58]  read_byte_array+0x7f
C  [librxtxSerial.jnilib+0x41bc]  Java_gnu_io_RXTXPort_readArray+0xe4
J  gnu.io.RXTXPort.readArray([BII)I

Java frames: (J=compiled Java code, j=interpreted, Vv=VM code)
J  gnu.io.RXTXPort.readArray([BII)I
J  sun.nio.cs.StreamDecoder.implRead([CII)I
J  java.io.BufferedReader.skip(J)J
j  ecologylab.sensor.location.NMEAReader.run()V+48
j  java.lang.Thread.run()V+11
v  ~StubRoutines::call_stub

---------------  P R O C E S S  ---------------

Java Threads: ( => current thread )
  0x00007f88bd81b000 JavaThread "DestroyJavaVM" [_thread_blocked, id=6403, stack(0x000000010e089000,0x000000010e189000)]
  0x00007f88ba9bd000 JavaThread "NIOServer running on port 14449" [_thread_in_native, id=55811, stack(0x0000000124b6a000,0x0000000124c6a000)]
  0x00007f88bb8b6800 JavaThread "Thread-2" [_thread_blocked, id=55299, stack(0x0000000124a67000,0x0000000124b67000)]
=>0x00007f88bb86d800 JavaThread "NMEA Reader Thread on gnu.io.CommPortIdentifier@d737301 @ 19200bps" [_thread_in_native, id=54787, stack(0x0000000124964000,0x0000000124a64000)]
  0x00007f88be1ac800 JavaThread "AWT-EventQueue-0" [_thread_blocked, id=51971, stack(0x00000001246db000,0x00000001247db000)]
  0x00007f88bb86c800 JavaThread "TimerQueue" daemon [_thread_blocked, id=51463, stack(0x0000000124574000,0x0000000124674000)]
  0x00007f88bc008000 JavaThread "AWT-Shutdown" [_thread_blocked, id=31499, stack(0x0000000121863000,0x0000000121963000)]
  0x00007f88ba943000 JavaThread "AppKit Thread" daemon [_thread_in_native, id=1287, stack(0x00007fff51c0c000,0x00007fff51c8c000)]
  0x00007f88ba866800 JavaThread "Service Thread" daemon [_thread_blocked, id=22787, stack(0x000000011f7a1000,0x000000011f8a1000)]
  0x00007f88ba863800 JavaThread "C2 CompilerThread1" daemon [_thread_blocked, id=22275, stack(0x000000011f69e000,0x000000011f79e000)]
  0x00007f88ba864000 JavaThread "C2 CompilerThread0" daemon [_thread_blocked, id=21763, stack(0x000000011f59b000,0x000000011f69b000)]
  0x00007f88bb806000 JavaThread "JDWP Command Reader" daemon [_thread_in_native, id=21251, stack(0x000000011f498000,0x000000011f598000)]
  0x00007f88bc007000 JavaThread "JDWP Event Helper Thread" daemon [_thread_blocked, id=20739, stack(0x000000011f395000,0x000000011f495000)]
  0x00007f88be800000 JavaThread "JDWP Transport Listener: dt_socket" daemon [_thread_blocked, id=20227, stack(0x000000011f292000,0x000000011f392000)]
  0x00007f88ba861000 JavaThread "Signal Dispatcher" daemon [_thread_blocked, id=19715, stack(0x000000011f189000,0x000000011f289000)]
  0x00007f88bc003000 JavaThread "Finalizer" daemon [_thread_blocked, id=14595, stack(0x000000011ef38000,0x000000011f038000)]
  0x00007f88bc000000 JavaThread "Reference Handler" daemon [_thread_blocked, id=14083, stack(0x000000011ee35000,0x000000011ef35000)]

Other Threads:
  0x00007f88ba860800 VMThread [stack: 0x000000011ed32000,0x000000011ee32000] [id=13571]
  0x00007f88be014000 WatcherThread [stack: 0x000000011f8a4000,0x000000011f9a4000] [id=23299]

VM state:not at safepoint (normal execution)

VM Mutex/Monitor currently owned by a thread: None

Heap
 PSYoungGen      total 31744K, used 24620K [0x00000007aaa80000, 0x00000007aca80000, 0x0000000800000000)
  eden space 31232K, 78% used [0x00000007aaa80000,0x00000007ac26b1a0,0x00000007ac900000)
  from space 512K, 25% used [0x00000007ac980000,0x00000007ac9a0000,0x00000007aca00000)
  to   space 512K, 0% used [0x00000007aca00000,0x00000007aca00000,0x00000007aca80000)
 ParOldGen       total 174592K, used 39861K [0x0000000700000000, 0x000000070aa80000, 0x00000007aaa80000)
  object space 174592K, 22% used [0x0000000700000000,0x00000007026ed7e8,0x000000070aa80000)
 PSPermGen       total 21504K, used 9850K [0x00000006fae00000, 0x00000006fc300000, 0x0000000700000000)
  object space 21504K, 45% used [0x00000006fae00000,0x00000006fb79eb40,0x00000006fc300000)

Card table byte_map: [0x0000000112d50000,0x000000011357a000] byte_map_base: 0x000000010f579000

Polling page: 0x000000010e1c8000

Code Cache  [0x000000010fc90000, 0x000000010ff00000, 0x0000000112c90000)
 total_blobs=649 nmethods=383 adapters=228 free_code_cache=47603Kb largest_free_block=48701568

Compilation events (10 events):
Event: 692.546 Thread 0x00007f88ba864000  389   !         ecologylab.sensor.location.compass.CompassDatum::fireCompassDataUpdatedEvent (62 bytes)
Event: 692.546 Thread 0x00007f88ba864000 nmethod 389 0x000000010fe02fd0 code [0x000000010fe03100, 0x000000010fe03178]
Event: 1031.786 Thread 0x00007f88ba863800  390   !         java.io.BufferedReader::skip (173 bytes)
Event: 1031.803 Thread 0x00007f88ba863800 nmethod 390 0x000000010fe1a450 code [0x000000010fe1a680, 0x000000010fe1c970]
Event: 1105.854 Thread 0x00007f88ba864000  391             java.lang.Integer::stringSize (21 bytes)
Event: 1105.854 Thread 0x00007f88ba863800  392             java.lang.Integer::getChars (131 bytes)
Event: 1105.855 Thread 0x00007f88ba864000 nmethod 391 0x000000010fe046d0 code [0x000000010fe04800, 0x000000010fe048f8]
Event: 1105.855 Thread 0x00007f88ba864000  393             java.lang.StringBuilder::<init> (7 bytes)
Event: 1105.856 Thread 0x00007f88ba864000 nmethod 393 0x000000010fe043d0 code [0x000000010fe04520, 0x000000010fe04618]
Event: 1105.860 Thread 0x00007f88ba863800 nmethod 392 0x000000010fe039d0 code [0x000000010fe03b40, 0x000000010fe040b8]

GC Heap History (10 events):
Event: 1059.608 GC heap before
{Heap before GC invocations=79 (full 0):
 PSYoungGen      total 31744K, used 31424K [0x00000007aaa80000, 0x00000007aca80000, 0x0000000800000000)
  eden space 31232K, 100% used [0x00000007aaa80000,0x00000007ac900000,0x00000007ac900000)
  from space 512K, 37% used [0x00000007aca00000,0x00000007aca30000,0x00000007aca80000)
  to   space 512K, 0% used [0x00000007ac980000,0x00000007ac980000,0x00000007aca00000)
 ParOldGen       total 174592K, used 39685K [0x0000000700000000, 0x000000070aa80000, 0x00000007aaa80000)
  object space 174592K, 22% used [0x0000000700000000,0x00000007026c17e8,0x000000070aa80000)
 PSPermGen       total 21504K, used 9845K [0x00000006fae00000, 0x00000006fc300000, 0x0000000700000000)
  object space 21504K, 45% used [0x00000006fae00000,0x00000006fb79d568,0x00000006fc300000)
Event: 1059.609 GC heap after
Heap after GC invocations=79 (full 0):
 PSYoungGen      total 31744K, used 128K [0x00000007aaa80000, 0x00000007aca80000, 0x0000000800000000)
  eden space 31232K, 0% used [0x00000007aaa80000,0x00000007aaa80000,0x00000007ac900000)
  from space 512K, 25% used [0x00000007ac980000,0x00000007ac9a0000,0x00000007aca00000)
  to   space 512K, 0% used [0x00000007aca00000,0x00000007aca00000,0x00000007aca80000)
 ParOldGen       total 174592K, used 39709K [0x0000000700000000, 0x000000070aa80000, 0x00000007aaa80000)
  object space 174592K, 22% used [0x0000000700000000,0x00000007026c77e8,0x000000070aa80000)
 PSPermGen       total 21504K, used 9845K [0x00000006fae00000, 0x00000006fc300000, 0x0000000700000000)
  object space 21504K, 45% used [0x00000006fae00000,0x00000006fb79d568,0x00000006fc300000)
}
Event: 1069.851 GC heap before
{Heap before GC invocations=80 (full 0):
 PSYoungGen      total 31744K, used 31360K [0x00000007aaa80000, 0x00000007aca80000, 0x0000000800000000)
  eden space 31232K, 100% used [0x00000007aaa80000,0x00000007ac900000,0x00000007ac900000)
  from space 512K, 25% used [0x00000007ac980000,0x00000007ac9a0000,0x00000007aca00000)
  to   space 512K, 0% used [0x00000007aca00000,0x00000007aca00000,0x00000007aca80000)
 ParOldGen       total 174592K, used 39709K [0x0000000700000000, 0x000000070aa80000, 0x00000007aaa80000)
  object space 174592K, 22% used [0x0000000700000000,0x00000007026c77e8,0x000000070aa80000)
 PSPermGen       total 21504K, used 9845K [0x00000006fae00000, 0x00000006fc300000, 0x0000000700000000)
  object space 21504K, 45% used [0x00000006fae00000,0x00000006fb79d568,0x00000006fc300000)
Event: 1069.852 GC heap after
Heap after GC invocations=80 (full 0):
 PSYoungGen      total 31744K, used 160K [0x00000007aaa80000, 0x00000007aca80000, 0x0000000800000000)
  eden space 31232K, 0% used [0x00000007aaa80000,0x00000007aaa80000,0x00000007ac900000)
  from space 512K, 31% used [0x00000007aca00000,0x00000007aca28000,0x00000007aca80000)
  to   space 512K, 0% used [0x00000007ac980000,0x00000007ac980000,0x00000007aca00000)
 ParOldGen       total 174592K, used 39741K [0x0000000700000000, 0x000000070aa80000, 0x00000007aaa80000)
  object space 174592K, 22% used [0x0000000700000000,0x00000007026cf7e8,0x000000070aa80000)
 PSPermGen       total 21504K, used 9845K [0x00000006fae00000, 0x00000006fc300000, 0x0000000700000000)
  object space 21504K, 45% used [0x00000006fae00000,0x00000006fb79d568,0x00000006fc300000)
}
Event: 1079.996 GC heap before
{Heap before GC invocations=81 (full 0):
 PSYoungGen      total 31744K, used 31392K [0x00000007aaa80000, 0x00000007aca80000, 0x0000000800000000)
  eden space 31232K, 100% used [0x00000007aaa80000,0x00000007ac900000,0x00000007ac900000)
  from space 512K, 31% used [0x00000007aca00000,0x00000007aca28000,0x00000007aca80000)
  to   space 512K, 0% used [0x00000007ac980000,0x00000007ac980000,0x00000007aca00000)
 ParOldGen       total 174592K, used 39741K [0x0000000700000000, 0x000000070aa80000, 0x00000007aaa80000)
  object space 174592K, 22% used [0x0000000700000000,0x00000007026cf7e8,0x000000070aa80000)
 PSPermGen       total 21504K, used 9845K [0x00000006fae00000, 0x00000006fc300000, 0x0000000700000000)
  object space 21504K, 45% used [0x00000006fae00000,0x00000006fb79d568,0x00000006fc300000)
Event: 1079.997 GC heap after
Heap after GC invocations=81 (full 0):
 PSYoungGen      total 31744K, used 160K [0x00000007aaa80000, 0x00000007aca80000, 0x0000000800000000)
  eden space 31232K, 0% used [0x00000007aaa80000,0x00000007aaa80000,0x00000007ac900000)
  from space 512K, 31% used [0x00000007ac980000,0x00000007ac9a8000,0x00000007aca00000)
  to   space 512K, 0% used [0x00000007aca00000,0x00000007aca00000,0x00000007aca80000)
 ParOldGen       total 174592K, used 39781K [0x0000000700000000, 0x000000070aa80000, 0x00000007aaa80000)
  object space 174592K, 22% used [0x0000000700000000,0x00000007026d97e8,0x000000070aa80000)
 PSPermGen       total 21504K, used 9845K [0x00000006fae00000, 0x00000006fc300000, 0x0000000700000000)
  object space 21504K, 45% used [0x00000006fae00000,0x00000006fb79d568,0x00000006fc300000)
}
Event: 1090.233 GC heap before
{Heap before GC invocations=82 (full 0):
 PSYoungGen      total 31744K, used 31392K [0x00000007aaa80000, 0x00000007aca80000, 0x0000000800000000)
  eden space 31232K, 100% used [0x00000007aaa80000,0x00000007ac900000,0x00000007ac900000)
  from space 512K, 31% used [0x00000007ac980000,0x00000007ac9a8000,0x00000007aca00000)
  to   space 512K, 0% used [0x00000007aca00000,0x00000007aca00000,0x00000007aca80000)
 ParOldGen       total 174592K, used 39781K [0x0000000700000000, 0x000000070aa80000, 0x00000007aaa80000)
  object space 174592K, 22% used [0x0000000700000000,0x00000007026d97e8,0x000000070aa80000)
 PSPermGen       total 21504K, used 9845K [0x00000006fae00000, 0x00000006fc300000, 0x0000000700000000)
  object space 21504K, 45% used [0x00000006fae00000,0x00000006fb79d568,0x00000006fc300000)
Event: 1090.234 GC heap after
Heap after GC invocations=82 (full 0):
 PSYoungGen      total 31744K, used 224K [0x00000007aaa80000, 0x00000007aca80000, 0x0000000800000000)
  eden space 31232K, 0% used [0x00000007aaa80000,0x00000007aaa80000,0x00000007ac900000)
  from space 512K, 43% used [0x00000007aca00000,0x00000007aca38000,0x00000007aca80000)
  to   space 512K, 0% used [0x00000007ac980000,0x00000007ac980000,0x00000007aca00000)
 ParOldGen       total 174592K, used 39829K [0x0000000700000000, 0x000000070aa80000, 0x00000007aaa80000)
  object space 174592K, 22% used [0x0000000700000000,0x00000007026e57e8,0x000000070aa80000)
 PSPermGen       total 21504K, used 9845K [0x00000006fae00000, 0x00000006fc300000, 0x0000000700000000)
  object space 21504K, 45% used [0x00000006fae00000,0x00000006fb79d568,0x00000006fc300000)
}
Event: 1100.384 GC heap before
{Heap before GC invocations=83 (full 0):
 PSYoungGen      total 31744K, used 31456K [0x00000007aaa80000, 0x00000007aca80000, 0x0000000800000000)
  eden space 31232K, 100% used [0x00000007aaa80000,0x00000007ac900000,0x00000007ac900000)
  from space 512K, 43% used [0x00000007aca00000,0x00000007aca38000,0x00000007aca80000)
  to   space 512K, 0% used [0x00000007ac980000,0x00000007ac980000,0x00000007aca00000)
 ParOldGen       total 174592K, used 39829K [0x0000000700000000, 0x000000070aa80000, 0x00000007aaa80000)
  object space 174592K, 22% used [0x0000000700000000,0x00000007026e57e8,0x000000070aa80000)
 PSPermGen       total 21504K, used 9845K [0x00000006fae00000, 0x00000006fc300000, 0x0000000700000000)
  object space 21504K, 45% used [0x00000006fae00000,0x00000006fb79d568,0x00000006fc300000)
Event: 1100.385 GC heap after
Heap after GC invocations=83 (full 0):
 PSYoungGen      total 31744K, used 128K [0x00000007aaa80000, 0x00000007aca80000, 0x0000000800000000)
  eden space 31232K, 0% used [0x00000007aaa80000,0x00000007aaa80000,0x00000007ac900000)
  from space 512K, 25% used [0x00000007ac980000,0x00000007ac9a0000,0x00000007aca00000)
  to   space 512K, 0% used [0x00000007aca00000,0x00000007aca00000,0x00000007aca80000)
 ParOldGen       total 174592K, used 39861K [0x0000000700000000, 0x000000070aa80000, 0x00000007aaa80000)
  object space 174592K, 22% used [0x0000000700000000,0x00000007026ed7e8,0x000000070aa80000)
 PSPermGen       total 21504K, used 9845K [0x00000006fae00000, 0x00000006fc300000, 0x0000000700000000)
  object space 21504K, 45% used [0x00000006fae00000,0x00000006fb79d568,0x00000006fc300000)
}

Deoptimization events (10 events):
Event: 0.505 Thread 0x00007f88ba810800 Uncommon trap: reason=unreached action=reinterpret pc=0x000000010fd0cfc8 method=java.net.URL.<init>(Ljava/net/URL;Ljava/lang/String;Ljava/net/URLStreamHandler;)V @ 228
Event: 0.544 Thread 0x00007f88ba810800 Uncommon trap: reason=unloaded action=reinterpret pc=0x000000010fd11a70 method=java.io.BufferedReader.readLine(Z)Ljava/lang/String; @ 268
Event: 0.573 Thread 0x00007f88ba810800 Uncommon trap: reason=null_check action=make_not_entrant pc=0x000000010fcf1690 method=java.lang.String.equals(Ljava/lang/Object;)Z @ 8
Event: 0.623 Thread 0x00007f88ba810800 Uncommon trap: reason=range_check action=none pc=0x000000010fd05b6c method=sun.reflect.generics.parser.SignatureParser.current()C @ 34
Event: 0.899 Thread 0x00007f88ba810800 Uncommon trap: reason=unreached action=reinterpret pc=0x000000010fd1bbfc method=java.io.BufferedReader.readLine(Z)Ljava/lang/String; @ 192
Event: 0.923 Thread 0x00007f88ba810800 Uncommon trap: reason=unreached action=reinterpret pc=0x000000010fd24468 method=java.io.BufferedReader.readLine(Z)Ljava/lang/String; @ 192
Event: 0.959 Thread 0x00007f88ba810800 Uncommon trap: reason=unreached action=reinterpret pc=0x000000010fd2b64c method=ecologylab.sensor.location.gps.SimGPS.<init>(Ljava/io/File;Lecologylab/sensor/location/gps/SimGPS$PlayMode;)V @ 61
Event: 2.331 Thread 0x00007f88bb86d800 Uncommon trap: reason=unreached action=reinterpret pc=0x000000010fd2748c method=java.io.BufferedReader.readLine(Z)Ljava/lang/String; @ 265
Event: 2.346 Thread 0x00007f88be1ac800 Uncommon trap: reason=null_check action=make_not_entrant pc=0x000000010fd440b8 method=ecologylab.sensor.location.gps.data.GPSDatum.setCurrentSV(Ljava/lang/String;)V @ 30
Event: 3.663 Thread 0x00007f88bb86d800 Uncommon trap: reason=unreached action=reinterpret pc=0x000000010fd321d8 method=java.io.BufferedReader.readLine(Z)Ljava/lang/String; @ 265

Internal exceptions (10 events):
Event: 1105.864 Thread 0x00007f88bb86d800 Threw 0x00000007abfd72e0 at /HUDSON/workspace/7u-2-build-macosx-x86_64/jdk7u45/229/hotspot/src/share/vm/prims/jni.cpp:743
Event: 1105.864 Thread 0x00007f88bb86d800 Threw 0x00000007abfdac08 at /HUDSON/workspace/7u-2-build-macosx-x86_64/jdk7u45/229/hotspot/src/share/vm/prims/jni.cpp:743
Event: 1105.865 Thread 0x00007f88bb86d800 Threw 0x00000007abfde558 at /HUDSON/workspace/7u-2-build-macosx-x86_64/jdk7u45/229/hotspot/src/share/vm/prims/jni.cpp:743
Event: 1105.865 Thread 0x00007f88bb86d800 Threw 0x00000007abfe1e80 at /HUDSON/workspace/7u-2-build-macosx-x86_64/jdk7u45/229/hotspot/src/share/vm/prims/jni.cpp:743
Event: 1105.865 Thread 0x00007f88bb86d800 Threw 0x00000007abfe57a8 at /HUDSON/workspace/7u-2-build-macosx-x86_64/jdk7u45/229/hotspot/src/share/vm/prims/jni.cpp:743
Event: 1105.865 Thread 0x00007f88bb86d800 Threw 0x00000007abfe90f8 at /HUDSON/workspace/7u-2-build-macosx-x86_64/jdk7u45/229/hotspot/src/share/vm/prims/jni.cpp:743
Event: 1105.865 Thread 0x00007f88bb86d800 Threw 0x00000007abfeca20 at /HUDSON/workspace/7u-2-build-macosx-x86_64/jdk7u45/229/hotspot/src/share/vm/prims/jni.cpp:743
Event: 1105.866 Thread 0x00007f88bb86d800 Threw 0x00000007abff0348 at /HUDSON/workspace/7u-2-build-macosx-x86_64/jdk7u45/229/hotspot/src/share/vm/prims/jni.cpp:743
Event: 1105.866 Thread 0x00007f88bb86d800 Threw 0x00000007abff3c98 at /HUDSON/workspace/7u-2-build-macosx-x86_64/jdk7u45/229/hotspot/src/share/vm/prims/jni.cpp:743
Event: 1105.866 Thread 0x00007f88bb86d800 Threw 0x00000007abff75c0 at /HUDSON/workspace/7u-2-build-macosx-x86_64/jdk7u45/229/hotspot/src/share/vm/prims/jni.cpp:743

Events (10 events):
Event: 1105.866 Thread 0x00007f88bb86d800 DEOPT UNPACKING pc=0x000000010fcc8e0f sp=0x0000000124a63488 mode 1
Event: 1105.866 Thread 0x00007f88bb86d800 DEOPT PACKING pc=0x000000010fe054b8 sp=0x0000000124a637f0
Event: 1105.866 Thread 0x00007f88bb86d800 DEOPT UNPACKING pc=0x000000010fcc8e0f sp=0x0000000124a63438 mode 1
Event: 1105.866 Thread 0x00007f88bb86d800 DEOPT PACKING pc=0x000000010fe1aa24 sp=0x0000000124a638b0
Event: 1105.866 Thread 0x00007f88bb86d800 DEOPT UNPACKING pc=0x000000010fcc8e0f sp=0x0000000124a63488 mode 1
Event: 1105.866 Thread 0x00007f88bb86d800 DEOPT PACKING pc=0x000000010fe054b8 sp=0x0000000124a637f0
Event: 1105.866 Thread 0x00007f88bb86d800 DEOPT UNPACKING pc=0x000000010fcc8e0f sp=0x0000000124a63438 mode 1
Event: 1105.866 Thread 0x00007f88bb86d800 DEOPT PACKING pc=0x000000010fe1aa24 sp=0x0000000124a638b0
Event: 1105.866 Thread 0x00007f88bb86d800 DEOPT UNPACKING pc=0x000000010fcc8e0f sp=0x0000000124a63488 mode 1
Event: 1106.585 Thread 0x00007f88be140800 Thread exited: 0x00007f88be140800


Dynamic libraries:
0x0000000009252000 	/System/Library/Frameworks/Cocoa.framework/Versions/A/Cocoa
0x0000000009252000 	/System/Library/Frameworks/Security.framework/Versions/A/Security
0x0000000009252000 	/System/Library/Frameworks/ApplicationServices.framework/Versions/A/ApplicationServices
0x0000000009252000 	/usr/lib/libz.1.dylib
0x0000000009252000 	/usr/lib/libSystem.B.dylib
0x0000000009252000 	/usr/lib/libobjc.A.dylib
0x0000000009252000 	/System/Library/Frameworks/CoreFoundation.framework/Versions/A/CoreFoundation
0x0000000009252000 	/System/Library/Frameworks/Foundation.framework/Versions/C/Foundation
0x0000000009252000 	/System/Library/Frameworks/AppKit.framework/Versions/C/AppKit
0x0000000009252000 	/System/Library/Frameworks/CoreData.framework/Versions/A/CoreData
0x0000000009252000 	/System/Library/PrivateFrameworks/RemoteViewServices.framework/Versions/A/RemoteViewServices
0x0000000009252000 	/System/Library/Frameworks/AudioToolbox.framework/Versions/A/AudioToolbox
0x0000000009252000 	/System/Library/Frameworks/AudioUnit.framework/Versions/A/AudioUnit
0x0000000009252000 	/System/Library/PrivateFrameworks/DataDetectorsCore.framework/Versions/A/DataDetectorsCore
0x0000000009252000 	/System/Library/PrivateFrameworks/DesktopServicesPriv.framework/Versions/A/DesktopServicesPriv
0x0000000009252000 	/System/Library/Frameworks/Carbon.framework/Versions/A/Frameworks/HIToolbox.framework/Versions/A/HIToolbox
0x0000000009252000 	/System/Library/Frameworks/QuartzCore.framework/Versions/A/QuartzCore
0x0000000009252000 	/System/Library/Frameworks/Carbon.framework/Versions/A/Frameworks/SpeechRecognition.framework/Versions/A/SpeechRecognition
0x0000000009252000 	/usr/lib/libauto.dylib
0x0000000009252000 	/usr/lib/libicucore.A.dylib
0x0000000009252000 	/usr/lib/libxml2.2.dylib
0x0000000009252000 	/System/Library/PrivateFrameworks/CoreUI.framework/Versions/A/CoreUI
0x0000000009252000 	/System/Library/Frameworks/CoreAudio.framework/Versions/A/CoreAudio
0x0000000009252000 	/System/Library/Frameworks/DiskArbitration.framework/Versions/A/DiskArbitration
0x0000000009252000 	/usr/lib/liblangid.dylib
0x0000000009252000 	/System/Library/PrivateFrameworks/MultitouchSupport.framework/Versions/A/MultitouchSupport
0x0000000009252000 	/System/Library/Frameworks/IOKit.framework/Versions/A/IOKit
0x0000000009252000 	/usr/lib/libDiagnosticMessagesClient.dylib
0x0000000009252000 	/System/Library/Frameworks/CoreServices.framework/Versions/A/CoreServices
0x0000000009252000 	/System/Library/PrivateFrameworks/PerformanceAnalysis.framework/Versions/A/PerformanceAnalysis
0x0000000009252000 	/System/Library/PrivateFrameworks/GenerationalStorage.framework/Versions/A/GenerationalStorage
0x0000000009252000 	/System/Library/Frameworks/OpenGL.framework/Versions/A/OpenGL
0x0000000009252000 	/System/Library/PrivateFrameworks/Sharing.framework/Versions/A/Sharing
0x0000000009252000 	/System/Library/Frameworks/ImageIO.framework/Versions/A/ImageIO
0x0000000009252000 	/System/Library/Frameworks/CoreText.framework/Versions/A/CoreText
0x0000000009252000 	/System/Library/Frameworks/CoreGraphics.framework/Versions/A/CoreGraphics
0x0000000009252000 	/System/Library/PrivateFrameworks/Backup.framework/Versions/A/Backup
0x0000000009252000 	/System/Library/Frameworks/CFNetwork.framework/Versions/A/CFNetwork
0x0000000009252000 	/System/Library/Frameworks/SystemConfiguration.framework/Versions/A/SystemConfiguration
0x0000000009252000 	/usr/lib/libCRFSuite.dylib
0x0000000009252000 	/usr/lib/libc++.1.dylib
0x0000000009252000 	/usr/lib/libc++abi.dylib
0x0000000009252000 	/usr/lib/system/libcache.dylib
0x0000000009252000 	/usr/lib/system/libcommonCrypto.dylib
0x0000000009252000 	/usr/lib/system/libcompiler_rt.dylib
0x0000000009252000 	/usr/lib/system/libcopyfile.dylib
0x0000000009252000 	/usr/lib/system/libcorecrypto.dylib
0x0000000009252000 	/usr/lib/system/libdispatch.dylib
0x0000000009252000 	/usr/lib/system/libdyld.dylib
0x0000000009252000 	/usr/lib/system/libkeymgr.dylib
0x0000000009252000 	/usr/lib/system/liblaunch.dylib
0x0000000009252000 	/usr/lib/system/libmacho.dylib
0x0000000009252000 	/usr/lib/system/libquarantine.dylib
0x0000000009252000 	/usr/lib/system/libremovefile.dylib
0x0000000009252000 	/usr/lib/system/libsystem_asl.dylib
0x0000000009252000 	/usr/lib/system/libsystem_blocks.dylib
0x0000000009252000 	/usr/lib/system/libsystem_c.dylib
0x0000000009252000 	/usr/lib/system/libsystem_configuration.dylib
0x0000000009252000 	/usr/lib/system/libsystem_dnssd.dylib
0x0000000009252000 	/usr/lib/system/libsystem_info.dylib
0x0000000009252000 	/usr/lib/system/libsystem_kernel.dylib
0x0000000009252000 	/usr/lib/system/libsystem_m.dylib
0x0000000009252000 	/usr/lib/system/libsystem_malloc.dylib
0x0000000009252000 	/usr/lib/system/libsystem_network.dylib
0x0000000009252000 	/usr/lib/system/libsystem_notify.dylib
0x0000000009252000 	/usr/lib/system/libsystem_platform.dylib
0x0000000009252000 	/usr/lib/system/libsystem_pthread.dylib
0x0000000009252000 	/usr/lib/system/libsystem_sandbox.dylib
0x0000000009252000 	/usr/lib/system/libsystem_stats.dylib
0x0000000009252000 	/usr/lib/system/libunc.dylib
0x0000000009252000 	/usr/lib/system/libunwind.dylib
0x0000000009252000 	/usr/lib/system/libxpc.dylib
0x0000000009252000 	/usr/lib/libbsm.0.dylib
0x0000000009252000 	/usr/lib/libsqlite3.dylib
0x0000000009252000 	/usr/lib/libxar.1.dylib
0x0000000009252000 	/usr/lib/libpam.2.dylib
0x0000000009252000 	/usr/lib/libOpenScriptingUtil.dylib
0x0000000009252000 	/usr/lib/libbz2.1.0.dylib
0x0000000009252000 	/System/Library/Frameworks/CoreServices.framework/Versions/A/Frameworks/CarbonCore.framework/Versions/A/CarbonCore
0x0000000009252000 	/System/Library/Frameworks/CoreServices.framework/Versions/A/Frameworks/Metadata.framework/Versions/A/Metadata
0x0000000009252000 	/System/Library/Frameworks/CoreServices.framework/Versions/A/Frameworks/OSServices.framework/Versions/A/OSServices
0x0000000009252000 	/System/Library/Frameworks/CoreServices.framework/Versions/A/Frameworks/SearchKit.framework/Versions/A/SearchKit
0x0000000009252000 	/System/Library/Frameworks/CoreServices.framework/Versions/A/Frameworks/AE.framework/Versions/A/AE
0x0000000009252000 	/System/Library/Frameworks/CoreServices.framework/Versions/A/Frameworks/LaunchServices.framework/Versions/A/LaunchServices
0x0000000009252000 	/System/Library/Frameworks/CoreServices.framework/Versions/A/Frameworks/DictionaryServices.framework/Versions/A/DictionaryServices
0x0000000009252000 	/System/Library/Frameworks/NetFS.framework/Versions/A/NetFS
0x0000000009252000 	/usr/lib/system/libkxld.dylib
0x0000000009252000 	/System/Library/PrivateFrameworks/NetAuth.framework/Versions/A/NetAuth
0x0000000009252000 	/System/Library/PrivateFrameworks/TCC.framework/Versions/A/TCC
0x0000000009252000 	/System/Library/Frameworks/OpenDirectory.framework/Versions/A/Frameworks/CFOpenDirectory.framework/Versions/A/CFOpenDirectory
0x0000000009252000 	/System/Library/Frameworks/ServiceManagement.framework/Versions/A/ServiceManagement
0x0000000009252000 	/usr/lib/libxslt.1.dylib
0x0000000009252000 	/System/Library/Frameworks/Carbon.framework/Versions/A/Frameworks/Ink.framework/Versions/A/Ink
0x0000000009252000 	/System/Library/Frameworks/ApplicationServices.framework/Versions/A/Frameworks/ATS.framework/Versions/A/ATS
0x0000000009252000 	/System/Library/Frameworks/ApplicationServices.framework/Versions/A/Frameworks/ColorSync.framework/Versions/A/ColorSync
0x0000000009252000 	/System/Library/Frameworks/ApplicationServices.framework/Versions/A/Frameworks/HIServices.framework/Versions/A/HIServices
0x0000000009252000 	/System/Library/Frameworks/ApplicationServices.framework/Versions/A/Frameworks/LangAnalysis.framework/Versions/A/LangAnalysis
0x0000000009252000 	/System/Library/Frameworks/ApplicationServices.framework/Versions/A/Frameworks/PrintCore.framework/Versions/A/PrintCore
0x0000000009252000 	/System/Library/Frameworks/ApplicationServices.framework/Versions/A/Frameworks/QD.framework/Versions/A/QD
0x0000000009252000 	/System/Library/Frameworks/ApplicationServices.framework/Versions/A/Frameworks/SpeechSynthesis.framework/Versions/A/SpeechSynthesis
0x0000000009252000 	/System/Library/Frameworks/IOSurface.framework/Versions/A/IOSurface
0x0000000009252000 	/System/Library/Frameworks/Accelerate.framework/Versions/A/Accelerate
0x0000000009252000 	/System/Library/Frameworks/Accelerate.framework/Versions/A/Frameworks/vImage.framework/Versions/A/vImage
0x0000000009252000 	/System/Library/Frameworks/Accelerate.framework/Versions/A/Frameworks/vecLib.framework/Versions/A/vecLib
0x0000000009252000 	/System/Library/Frameworks/Accelerate.framework/Versions/A/Frameworks/vecLib.framework/Versions/A/libvDSP.dylib
0x0000000009252000 	/System/Library/Frameworks/Accelerate.framework/Versions/A/Frameworks/vecLib.framework/Versions/A/libvMisc.dylib
0x0000000009252000 	/System/Library/Frameworks/Accelerate.framework/Versions/A/Frameworks/vecLib.framework/Versions/A/libLAPACK.dylib
0x0000000009252000 	/System/Library/Frameworks/Accelerate.framework/Versions/A/Frameworks/vecLib.framework/Versions/A/libBLAS.dylib
0x0000000009252000 	/System/Library/Frameworks/ApplicationServices.framework/Versions/A/Frameworks/ATS.framework/Versions/A/Resources/libFontParser.dylib
0x0000000009252000 	/System/Library/Frameworks/ApplicationServices.framework/Versions/A/Frameworks/ATS.framework/Versions/A/Resources/libFontRegistry.dylib
0x0000000009252000 	/System/Library/Frameworks/ImageIO.framework/Versions/A/Resources/libJPEG.dylib
0x0000000009252000 	/System/Library/Frameworks/ImageIO.framework/Versions/A/Resources/libTIFF.dylib
0x0000000009252000 	/System/Library/Frameworks/ImageIO.framework/Versions/A/Resources/libPng.dylib
0x0000000009252000 	/System/Library/Frameworks/ImageIO.framework/Versions/A/Resources/libGIF.dylib
0x0000000009252000 	/System/Library/Frameworks/ImageIO.framework/Versions/A/Resources/libJP2.dylib
0x0000000009252000 	/System/Library/Frameworks/ImageIO.framework/Versions/A/Resources/libRadiance.dylib
0x0000000009252000 	/usr/lib/libcups.2.dylib
0x0000000009252000 	/System/Library/Frameworks/Kerberos.framework/Versions/A/Kerberos
0x0000000009252000 	/System/Library/Frameworks/GSS.framework/Versions/A/GSS
0x0000000009252000 	/usr/lib/libresolv.9.dylib
0x0000000009252000 	/usr/lib/libiconv.2.dylib
0x0000000009252000 	/System/Library/PrivateFrameworks/Heimdal.framework/Versions/A/Heimdal
0x0000000009252000 	/System/Library/PrivateFrameworks/TrustEvaluationAgent.framework/Versions/A/TrustEvaluationAgent
0x0000000009252000 	/usr/lib/libheimdal-asn1.dylib
0x0000000009252000 	/System/Library/Frameworks/OpenDirectory.framework/Versions/A/OpenDirectory
0x0000000009252000 	/System/Library/PrivateFrameworks/CommonAuth.framework/Versions/A/CommonAuth
0x0000000009252000 	/System/Library/Frameworks/SecurityFoundation.framework/Versions/A/SecurityFoundation
0x0000000009252000 	/System/Library/PrivateFrameworks/Bom.framework/Versions/A/Bom
0x0000000009252000 	/System/Library/Frameworks/CoreVideo.framework/Versions/A/CoreVideo
0x0000000009252000 	/System/Library/Frameworks/QuartzCore.framework/Versions/A/Frameworks/CoreImage.framework/Versions/A/CoreImage
0x0000000009252000 	/System/Library/Frameworks/QuartzCore.framework/Versions/A/Frameworks/ScalableUserInterface.framework/Versions/A/ScalableUserInterface
0x0000000009252000 	/System/Library/Frameworks/OpenGL.framework/Versions/A/Libraries/libGLU.dylib
0x0000000009252000 	/System/Library/Frameworks/OpenGL.framework/Versions/A/Libraries/libGFXShared.dylib
0x0000000009252000 	/System/Library/Frameworks/OpenGL.framework/Versions/A/Libraries/libGL.dylib
0x0000000009252000 	/System/Library/Frameworks/OpenGL.framework/Versions/A/Libraries/libGLImage.dylib
0x0000000009252000 	/System/Library/Frameworks/OpenGL.framework/Versions/A/Libraries/libCVMSPluginSupport.dylib
0x0000000009252000 	/System/Library/Frameworks/OpenGL.framework/Versions/A/Libraries/libCoreVMClient.dylib
0x0000000009252000 	/System/Library/PrivateFrameworks/FaceCore.framework/Versions/A/FaceCore
0x0000000009252000 	/System/Library/PrivateFrameworks/CrashReporterSupport.framework/Versions/A/CrashReporterSupport
0x0000000009252000 	/System/Library/Frameworks/OpenCL.framework/Versions/A/OpenCL
0x0000000009252000 	/System/Library/PrivateFrameworks/AppleFSCompression.framework/Versions/A/AppleFSCompression
0x0000000009252000 	/System/Library/PrivateFrameworks/Ubiquity.framework/Versions/A/Ubiquity
0x0000000009252000 	/System/Library/PrivateFrameworks/IconServices.framework/Versions/A/IconServices
0x0000000009252000 	/System/Library/PrivateFrameworks/ChunkingLibrary.framework/Versions/A/ChunkingLibrary
0x0000000009252000 	/System/Library/PrivateFrameworks/CoreSymbolication.framework/Versions/A/CoreSymbolication
0x0000000009252000 	/System/Library/PrivateFrameworks/Symbolication.framework/Versions/A/Symbolication
0x0000000009252000 	/System/Library/PrivateFrameworks/DebugSymbols.framework/Versions/A/DebugSymbols
0x000000010f200000 	/Library/Java/JavaVirtualMachines/jdk1.7.0_45.jdk/Contents/Home/jre/lib/server/libjvm.dylib
0x0000000009252000 	/usr/lib/libstdc++.6.dylib
0x000000010e18b000 	/Library/Java/JavaVirtualMachines/jdk1.7.0_45.jdk/Contents/Home/jre/lib/libverify.dylib
0x000000010e198000 	/Library/Java/JavaVirtualMachines/jdk1.7.0_45.jdk/Contents/Home/jre/lib/libjava.dylib
0x000000010fc53000 	/Library/Java/JavaVirtualMachines/jdk1.7.0_45.jdk/Contents/Home/jre/lib/libjdwp.dylib
0x000000010e1c9000 	/Library/Java/JavaVirtualMachines/jdk1.7.0_45.jdk/Contents/Home/jre/lib/libnpt.dylib
0x000000010e1d6000 	/Library/Java/JavaVirtualMachines/jdk1.7.0_45.jdk/Contents/Home/jre/lib/libzip.dylib
0x000000011f03a000 	/System/Library/Frameworks/JavaVM.framework/Frameworks/JavaRuntimeSupport.framework/JavaRuntimeSupport
0x000000011f052000 	/System/Library/Frameworks/JavaVM.framework/Versions/A/Frameworks/JavaNativeFoundation.framework/Versions/A/JavaNativeFoundation
0x000000011f067000 	/System/Library/Frameworks/JavaVM.framework/Versions/A/JavaVM
0x0000000009252000 	/System/Library/Frameworks/Carbon.framework/Versions/A/Carbon
0x000000011f074000 	/System/Library/PrivateFrameworks/JavaLaunching.framework/Versions/A/JavaLaunching
0x0000000009252000 	/System/Library/Frameworks/Carbon.framework/Versions/A/Frameworks/CommonPanels.framework/Versions/A/CommonPanels
0x0000000009252000 	/System/Library/Frameworks/Carbon.framework/Versions/A/Frameworks/Help.framework/Versions/A/Help
0x0000000009252000 	/System/Library/Frameworks/Carbon.framework/Versions/A/Frameworks/ImageCapture.framework/Versions/A/ImageCapture
0x0000000009252000 	/System/Library/Frameworks/Carbon.framework/Versions/A/Frameworks/OpenScripting.framework/Versions/A/OpenScripting
0x0000000009252000 	/System/Library/Frameworks/Carbon.framework/Versions/A/Frameworks/Print.framework/Versions/A/Print
0x0000000009252000 	/System/Library/Frameworks/Carbon.framework/Versions/A/Frameworks/SecurityHI.framework/Versions/A/SecurityHI
0x000000011f28b000 	/Library/Java/JavaVirtualMachines/jdk1.7.0_45.jdk/Contents/Home/jre/lib/libdt_socket.dylib
0x000000011fc00000 	/Library/Java/JavaVirtualMachines/jdk1.7.0_45.jdk/Contents/Home/jre/lib/libnio.dylib
0x000000011fc0f000 	/Library/Java/JavaVirtualMachines/jdk1.7.0_45.jdk/Contents/Home/jre/lib/./libnet.dylib
0x000000011fed4000 	/Library/Java/JavaVirtualMachines/jdk1.7.0_45.jdk/Contents/Home/jre/lib/libawt.dylib
0x000000011ff83000 	/Library/Java/JavaVirtualMachines/jdk1.7.0_45.jdk/Contents/Home/jre/lib/./libmlib_image.dylib
0x000000012004f000 	/Library/Java/JavaVirtualMachines/jdk1.7.0_45.jdk/Contents/Home/jre/lib/lwawt/liblwawt.dylib
0x0000000120103000 	/Library/Java/JavaVirtualMachines/jdk1.7.0_45.jdk/Contents/Home/jre/lib/libosxapp.dylib
0x0000000009252000 	/System/Library/Frameworks/ExceptionHandling.framework/Versions/A/ExceptionHandling
0x0000000009252000 	/System/Library/PrivateFrameworks/CoreServicesInternal.framework/Versions/A/CoreServicesInternal
0x0000000009252000 	/System/Library/PrivateFrameworks/Librarian.framework/Versions/A/Librarian
0x0000000009252000 	/System/Library/Frameworks/CoreGraphics.framework/Versions/A/Resources/libCGCMS.A.dylib
0x0000000009252000 	/System/Library/Frameworks/CoreGraphics.framework/Versions/A/Resources/libRIP.A.dylib
0x0000000009252000 	/System/Library/CoreServices/RawCamera.bundle/Contents/MacOS/RawCamera
0x0000000009252000 	/System/Library/Frameworks/CoreGraphics.framework/Versions/A/Resources/libCGXType.A.dylib
0x0000000009252000 	/System/Library/PrivateFrameworks/FamilyControls.framework/Versions/A/FamilyControls
0x0000000009252000 	/System/Library/PrivateFrameworks/CommerceKit.framework/Versions/A/Frameworks/CommerceCore.framework/Versions/A/CommerceCore
0x0000000009252000 	/System/Library/PrivateFrameworks/SystemAdministration.framework/Versions/A/SystemAdministration
0x0000000009252000 	/System/Library/Frameworks/DirectoryService.framework/Versions/A/DirectoryService
0x0000000009252000 	/System/Library/PrivateFrameworks/DiskImages.framework/Versions/A/DiskImages
0x0000000009252000 	/System/Library/PrivateFrameworks/LoginUIKit.framework/Versions/A/Frameworks/LoginUICore.framework/Versions/A/LoginUICore
0x0000000009252000 	/usr/lib/libCoreStorage.dylib
0x0000000009252000 	/usr/lib/libcsfde.dylib
0x0000000009252000 	/usr/lib/libodfde.dylib
0x0000000009252000 	/System/Library/Frameworks/DiscRecording.framework/Versions/A/DiscRecording
0x0000000009252000 	/usr/lib/libcurl.4.dylib
0x0000000009252000 	/System/Library/PrivateFrameworks/MediaKit.framework/Versions/A/MediaKit
0x0000000009252000 	/System/Library/PrivateFrameworks/EFILogin.framework/Versions/A/EFILogin
0x0000000009252000 	/usr/lib/libutil.dylib
0x0000000009252000 	/System/Library/PrivateFrameworks/AOSNotification.framework/Versions/A/AOSNotification
0x0000000009252000 	/System/Library/Frameworks/LDAP.framework/Versions/A/LDAP
0x0000000009252000 	/usr/lib/libsasl2.2.dylib
0x0000000009252000 	/usr/lib/libcrypto.0.9.8.dylib
0x0000000009252000 	/usr/lib/libssl.0.9.8.dylib
0x0000000124676000 	/Library/Java/JavaVirtualMachines/jdk1.7.0_45.jdk/Contents/Home/jre/lib/libfontmanager.dylib
0x0000000121a2b000 	/Library/Java/Extensions/librxtxSerial.jnilib

VM Arguments:
jvm_args: -agentlib:jdwp=transport=dt_socket,suspend=y,address=localhost:64641 -Dfile.encoding=US-ASCII 
java_command: ecologylab.standalone.GeoServiceSim GeoServicePrefs.xml
Launcher Type: SUN_STANDARD

Environment Variables:
PATH=/usr/bin:/bin:/usr/sbin:/sbin
SHELL=/bin/bash
DISPLAY=/tmp/launch-7XpPHW/org.macosforge.xquartz:0

Signal Handlers:
SIGSEGV: [libjvm.dylib+0x525415], sa_mask[0]=0xfffefeff, sa_flags=0x00000043
SIGBUS: [libjvm.dylib+0x525415], sa_mask[0]=0xfffefeff, sa_flags=0x00000042
SIGFPE: [libjvm.dylib+0x41891a], sa_mask[0]=0xfffefeff, sa_flags=0x00000042
SIGPIPE: [libjvm.dylib+0x41891a], sa_mask[0]=0xfffefeff, sa_flags=0x00000042
SIGXFSZ: [libjvm.dylib+0x41891a], sa_mask[0]=0xfffefeff, sa_flags=0x00000042
SIGILL: [libjvm.dylib+0x41891a], sa_mask[0]=0xfffefeff, sa_flags=0x00000042
SIGUSR1: SIG_DFL, sa_mask[0]=0x00000000, sa_flags=0x00000002
SIGUSR2: [libjvm.dylib+0x41840c], sa_mask[0]=0x00000004, sa_flags=0x00000042
SIGHUP: [libjvm.dylib+0x41669b], sa_mask[0]=0xfffefeff, sa_flags=0x00000042
SIGINT: [libjvm.dylib+0x41669b], sa_mask[0]=0xfffefeff, sa_flags=0x00000042
SIGTERM: [libjvm.dylib+0x41669b], sa_mask[0]=0xfffefeff, sa_flags=0x00000042
SIGQUIT: [libjvm.dylib+0x41669b], sa_mask[0]=0xfffefeff, sa_flags=0x00000042


---------------  S Y S T E M  ---------------

OS:Bsduname:Darwin 13.0.2 Darwin Kernel Version 13.0.2: Sun Sep 29 19:38:57 PDT 2013; root:xnu-2422.75.4~1/RELEASE_X86_64 x86_64
rlimit: STACK 8192k, CORE 0k, NPROC 709, NOFILE 10240, AS infinity
load average:7.39 4.41 3.65

CPU:total 8 (4 cores per cpu, 2 threads per core) family 6 model 70 stepping 1, cmov, cx8, fxsr, mmx, sse, sse2, sse3, ssse3, sse4.1, sse4.2, popcnt, avx, avx2, aes, erms, ht, tsc, tscinvbit

Memory: 4k page, physical 16777216k(4194304k free)

/proc/meminfo:


vm_info: Java HotSpot(TM) 64-Bit Server VM (24.45-b08) for bsd-amd64 JRE (1.7.0_45-b18), built on Oct  8 2013 05:54:16 by "java_re" with gcc 4.2.1 (Based on Apple Inc. build 5658) (LLVM build 2336.11.00)

time: Fri Feb 28 17:12:01 2014
elapsed time: 1106 seconds

