#
# A fatal error has been detected by the Java Runtime Environment:
#
#  SIGSEGV (0xb) at pc=0x00000001086adde8, pid=44777, tid=20227
#
# JRE version: Java(TM) SE Runtime Environment (7.0_45-b18) (build 1.7.0_45-b18)
# Java VM: Java HotSpot(TM) 64-Bit Server VM (24.45-b08 mixed mode bsd-amd64 compressed oops)
# Problematic frame:
# V  [libjvm.dylib+0x2adde8]
#
# Failed to write core dump. Core dumps have been disabled. To enable core dumping, try "ulimit -c unlimited" before starting Java again
#
# If you would like to submit a bug report, please visit:
#   http://bugreport.sun.com/bugreport/crash.jsp
#

---------------  T H R E A D  ---------------

Current thread (0x00007fa2cc801000):  JavaThread "JDWP Transport Listener: dt_socket" daemon [_thread_in_vm, id=20227, stack(0x00000001184f5000,0x00000001185f5000)]

siginfo:si_signo=SIGSEGV: si_errno=0, si_code=1 (SEGV_MAPERR), si_addr=0x000000000000000c

Registers:
RAX=0x0000000000000000, RBX=0x00000007ad769b68, RCX=0x000000000000000c, RDX=0x0000000000000000
RSP=0x00000001185f4a10, RBP=0x00000001185f4a10, RSI=0x00007fa2cb300688, RDI=0x00000007ad769b68
R8 =0xb700000000000000, R9 =0x00007fa2c9600000, R10=0x0000000000000005, R11=0xffff805e4ef898c0
R12=0x00007fa2cc801000, R13=0x00007fa2c966b7e0, R14=0x0000000000000000, R15=0x0000000000000000
RIP=0x00000001086adde8, EFLAGS=0x0000000000010202, ERR=0x0000000000000004
  TRAPNO=0x000000000000000e

Top of Stack: (sp=0x00000001185f4a10)
0x00000001185f4a10:   00000001185f4a40 00000001086dd59a
0x00000001185f4a20:   0000000000000000 0000000000000000
0x00000001185f4a30:   00000007ad769b68 00007fa2cc8011e8
0x00000001185f4a40:   00000001185f4ab0 0000000108704e48
0x00000001185f4a50:   00007fa2cc801000 00007fa2cc801000
0x00000001185f4a60:   0000000000000000 0000000000000000
0x00000001185f4a70:   00007fa2cc8011e8 00007fa2cc801000
0x00000001185f4a80:   00007fa2cc801000 00000001185f4b08
0x00000001185f4a90:   00007fa2cb300688 00007fa2c966b7e0
0x00000001185f4aa0:   00000001185f4c90 00007fa2cc8011e8
0x00000001185f4ab0:   00000001185f4ae0 0000000108e8a52e
0x00000001185f4ac0:   00000001185f4c90 0000000108eaadc0
0x00000001185f4ad0:   00000001185f4b08 0000000108eb6578
0x00000001185f4ae0:   00000001185f4d00 0000000108e916b2
0x00000001185f4af0:   000020d800000013 0000000000010a00
0x00000001185f4b00:   00007fa2c966b1b0 00000001185f4b58
0x00000001185f4b10:   00007fa20000012c 00000001185f4b20
0x00000001185f4b20:   00007fa200000000 00000001185f4b58
0x00000001185f4b30:   0000000000000000 00007f0000000000
0x00000001185f4b40:   000020d800000018 00007fff0000de80
0x00000001185f4b50:   00000001185f4b58 0000005b01000000
0x00000001185f4b60:   657551a900000000 00000000302d6575
0x00000001185f4b70:   c000000000000000 0400000000000000
0x00000001185f4b80:   00000000090c0000 c100000009000000
0x00000001185f4b90:   0d00000000000000 00000000c2000000
0x00000001185f4ba0:   c400000016000000 1a00000000000000
0x00000001185f4bb0:   00000000c5000000 c800000023000000
0x00000001185f4bc0:   2b00000000000000 00000000c9000000
0x00000001185f4bd0:   cb00000036000000 4200000000000000
0x00000001185f4be0:   04005300cc000000 0000000000000001
0x00000001185f4bf0:   5771c9a27f000031 00000000000000f0
0x00000001185f4c00:   0053000000000013 0000000000000105 

Instructions: (pc=0x00000001086adde8)
0x00000001086addc8:   eb 16 48 8d 35 ef 27 4c 00 8a 4e 08 48 d3 e2 48
0x00000001086addd8:   03 16 eb 04 48 8b 14 0f 84 c0 0f 94 c0 0f b6 c0
0x00000001086adde8:   8b 44 82 0c 5d c3 8b 04 07 5d c3 90 55 48 89 e5
0x00000001086addf8:   f6 87 8d 00 00 00 02 75 04 31 ff eb 23 48 63 87 

Register to memory mapping:

RAX=0x0000000000000000 is an unknown value
RBX=0x00000007ad769b68 is an oop
java.lang.String 
 - klass: 'java/lang/String'
RCX=0x000000000000000c is an unknown value
RDX=0x0000000000000000 is an unknown value
RSP=0x00000001185f4a10 is pointing into the stack for thread: 0x00007fa2cc801000
RBP=0x00000001185f4a10 is pointing into the stack for thread: 0x00007fa2cc801000
RSI=0x00007fa2cb300688 is a global jni handle
RDI=0x00000007ad769b68 is an oop
java.lang.String 
 - klass: 'java/lang/String'
R8 =0xb700000000000000 is an unknown value
R9 =0x00007fa2c9600000 is an unknown value
R10=0x0000000000000005 is an unknown value
R11=0xffff805e4ef898c0 is an unknown value
R12=0x00007fa2cc801000 is a thread
R13=0x00007fa2c966b7e0 is an unknown value
R14=0x0000000000000000 is an unknown value
R15=0x0000000000000000 is an unknown value


Stack: [0x00000001184f5000,0x00000001185f5000],  sp=0x00000001185f4a10,  free space=1022k
Native frames: (J=compiled Java code, j=interpreted, Vv=VM code, C=native code)
V  [libjvm.dylib+0x2adde8]
V  [libjvm.dylib+0x2dd59a]
V  [libjvm.dylib+0x304e48]
C  [libjdwp.dylib+0x752e]  value+0x96
C  [libjdwp.dylib+0xe6b2]  debugLoop_run+0x1ce
C  [libjdwp.dylib+0x1f132]  attachThread+0x4d
V  [libjvm.dylib+0x37417e]
V  [libjvm.dylib+0x4efb47]
V  [libjvm.dylib+0x4f124f]
V  [libjvm.dylib+0x41b1c6]
C  [libsystem_pthread.dylib+0x1899]  _pthread_body+0x8a
C  [libsystem_pthread.dylib+0x172a]  _pthread_struct_init+0x0
C  [libsystem_pthread.dylib+0x5fc9]  thread_start+0xd


---------------  P R O C E S S  ---------------

Java Threads: ( => current thread )
  0x00007fa2c9888800 JavaThread "DestroyJavaVM" [_thread_blocked, id=6403, stack(0x00000001072ec000,0x00000001073ec000)]
  0x00007fa2cd0fb800 JavaThread "NIOServer running on port 14449" [_thread_in_native, id=55811, stack(0x000000011ddcd000,0x000000011decd000)]
  0x00007fa2cb91c000 JavaThread "AWT-EventQueue-0" [_thread_blocked, id=55299, stack(0x000000011dcca000,0x000000011ddca000)]
  0x00007fa2ca8b9000 JavaThread "Thread-2" [_thread_blocked, id=54787, stack(0x000000011db63000,0x000000011dc63000)]
  0x00007fa2ca897000 JavaThread "NMEA Reader Thread on gnu.io.CommPortIdentifier@46c16f66 @ 19200bps" [_thread_in_native, id=54275, stack(0x000000011da60000,0x000000011db60000)]
  0x00007fa2cb903000 JavaThread "Thread-1" [_thread_in_native, id=53507, stack(0x000000011d8da000,0x000000011d9da000)]
  0x00007fa2ca8c7000 JavaThread "TimerQueue" daemon [_thread_blocked, id=51463, stack(0x000000011d7d7000,0x000000011d8d7000)]
  0x00007fa2cd09b800 JavaThread "AWT-Shutdown" [_thread_blocked, id=31499, stack(0x000000011aac6000,0x000000011abc6000)]
  0x00007fa2cb8f9800 JavaThread "AppKit Thread" daemon [_thread_in_native, id=1287, stack(0x00007fff589a9000,0x00007fff58a29000)]
  0x00007fa2c980e800 JavaThread "Service Thread" daemon [_thread_blocked, id=22787, stack(0x0000000118a04000,0x0000000118b04000)]
  0x00007fa2c980e000 JavaThread "C2 CompilerThread1" daemon [_thread_blocked, id=22275, stack(0x0000000118901000,0x0000000118a01000)]
  0x00007fa2cb80a000 JavaThread "C2 CompilerThread0" daemon [_thread_blocked, id=21763, stack(0x00000001187fe000,0x00000001188fe000)]
  0x00007fa2c980d000 JavaThread "JDWP Command Reader" daemon [_thread_in_native, id=21251, stack(0x00000001186fb000,0x00000001187fb000)]
  0x00007fa2c980c800 JavaThread "JDWP Event Helper Thread" daemon [_thread_blocked, id=20739, stack(0x00000001185f8000,0x00000001186f8000)]
=>0x00007fa2cc801000 JavaThread "JDWP Transport Listener: dt_socket" daemon [_thread_in_vm, id=20227, stack(0x00000001184f5000,0x00000001185f5000)]
  0x00007fa2cd00e000 JavaThread "Signal Dispatcher" daemon [_thread_blocked, id=19715, stack(0x00000001183ec000,0x00000001184ec000)]
  0x00007fa2cb810800 JavaThread "Finalizer" daemon [_thread_blocked, id=14595, stack(0x000000011819b000,0x000000011829b000)]
  0x00007fa2cc800000 JavaThread "Reference Handler" daemon [_thread_blocked, id=14083, stack(0x0000000118098000,0x0000000118198000)]

Other Threads:
  0x00007fa2cc022800 VMThread [stack: 0x0000000117f95000,0x0000000118095000] [id=13571]
  0x00007fa2cb811800 WatcherThread [stack: 0x0000000118b07000,0x0000000118c07000] [id=23299]

VM state:not at safepoint (normal execution)

VM Mutex/Monitor currently owned by a thread: None

Heap
 PSYoungGen      total 76800K, used 48682K [0x00000007aaa80000, 0x00000007b0000000, 0x0000000800000000)
  eden space 66048K, 73% used [0x00000007aaa80000,0x00000007ada0ab10,0x00000007aeb00000)
  from space 10752K, 0% used [0x00000007af580000,0x00000007af580000,0x00000007b0000000)
  to   space 10752K, 0% used [0x00000007aeb00000,0x00000007aeb00000,0x00000007af580000)
 ParOldGen       total 174592K, used 0K [0x0000000700000000, 0x000000070aa80000, 0x00000007aaa80000)
  object space 174592K, 0% used [0x0000000700000000,0x0000000700000000,0x000000070aa80000)
 PSPermGen       total 21504K, used 9727K [0x00000006fae00000, 0x00000006fc300000, 0x0000000700000000)
  object space 21504K, 45% used [0x00000006fae00000,0x00000006fb77fc40,0x00000006fc300000)

Card table byte_map: [0x000000010bf92000,0x000000010c7bc000] byte_map_base: 0x00000001087bb000

Polling page: 0x00000001073fb000

Code Cache  [0x0000000108ed2000, 0x0000000109142000, 0x000000010bed2000)
 total_blobs=388 nmethods=122 adapters=228 free_code_cache=48364Kb largest_free_block=49495936

Compilation events (10 events):
Event: 194.614 Thread 0x00007fa2c980e000  118             java.util.concurrent.locks.ReentrantLock$Sync::nonfairTryAcquire (67 bytes)
Event: 194.615 Thread 0x00007fa2c980e000 nmethod 118 0x0000000108f7db10 code [0x0000000108f7dc60, 0x0000000108f7dd78]
Event: 213.169 Thread 0x00007fa2cb80a000  119   !         ecologylab.sensor.location.compass.CompassDataUpdater::processIncomingNMEAString (634 bytes)
Event: 213.203 Thread 0x00007fa2cb80a000 nmethod 119 0x0000000108f94b10 code [0x0000000108f951a0, 0x0000000108f975e0]
Event: 234.974 Thread 0x00007fa2c980e000  120             java.lang.String::toUpperCase (439 bytes)
Event: 234.995 Thread 0x00007fa2c980e000 nmethod 120 0x0000000108f99c90 code [0x0000000108f99f00, 0x0000000108f9b580]
Event: 254.766 Thread 0x00007fa2cb80a000  121   !         java.util.concurrent.DelayQueue::take (212 bytes)
Event: 254.776 Thread 0x00007fa2cb80a000 nmethod 121 0x0000000108f9c710 code [0x0000000108f9c960, 0x0000000108f9d380]
Event: 272.888 Thread 0x00007fa2c980e000  122             java.util.concurrent.locks.AbstractQueuedSynchronizer::enq (58 bytes)
Event: 272.890 Thread 0x00007fa2c980e000 nmethod 122 0x0000000108f8f2d0 code [0x0000000108f8f420, 0x0000000108f8f598]

GC Heap History (0 events):
No events

Deoptimization events (10 events):
Event: 0.359 Thread 0x00007fa2cb800800 Uncommon trap: reason=range_check action=none pc=0x0000000108f4986c method=sun.reflect.generics.parser.SignatureParser.current()C @ 34
Event: 0.362 Thread 0x00007fa2cb800800 Uncommon trap: reason=range_check action=none pc=0x0000000108f4986c method=sun.reflect.generics.parser.SignatureParser.current()C @ 34
Event: 0.362 Thread 0x00007fa2cb800800 Uncommon trap: reason=range_check action=none pc=0x0000000108f4986c method=sun.reflect.generics.parser.SignatureParser.current()C @ 34
Event: 0.365 Thread 0x00007fa2cb800800 Uncommon trap: reason=unreached action=reinterpret pc=0x0000000108f476d4 method=java.lang.AbstractStringBuilder.append(Ljava/lang/String;)Ljava/lang/AbstractStringBuilder; @ 1
Event: 0.503 Thread 0x00007fa2cb800800 Uncommon trap: reason=class_check action=maybe_recompile pc=0x0000000108f50658 method=java.net.URL.<init>(Ljava/net/URL;Ljava/lang/String;Ljava/net/URLStreamHandler;)V @ 504
Event: 0.504 Thread 0x00007fa2cb800800 Uncommon trap: reason=unreached action=reinterpret pc=0x0000000108f50cc8 method=java.net.URL.<init>(Ljava/net/URL;Ljava/lang/String;Ljava/net/URLStreamHandler;)V @ 228
Event: 0.541 Thread 0x00007fa2cb800800 Uncommon trap: reason=unloaded action=reinterpret pc=0x0000000108f570b0 method=java.io.BufferedReader.readLine(Z)Ljava/lang/String; @ 268
Event: 0.576 Thread 0x00007fa2cb800800 Uncommon trap: reason=null_check action=make_not_entrant pc=0x0000000108f34510 method=java.lang.String.equals(Ljava/lang/Object;)Z @ 8
Event: 33.628 Thread 0x00007fa2ca897000 Uncommon trap: reason=unreached action=reinterpret pc=0x0000000108f66bd4 method=java.io.BufferedReader.readLine(Z)Ljava/lang/String; @ 192
Event: 65.589 Thread 0x00007fa2ca897000 Uncommon trap: reason=unreached action=reinterpret pc=0x0000000108f5cc88 method=java.io.BufferedReader.readLine(Z)Ljava/lang/String; @ 192

Internal exceptions (10 events):
Event: 1.602 Thread 0x00007fa2cb91c000 Threw 0x00000007acfe5db8 at /HUDSON/workspace/7u-2-build-macosx-x86_64/jdk7u45/229/hotspot/src/share/vm/prims/jvm.cpp:1244
Event: 1.603 Thread 0x00007fa2cb91c000 Threw 0x00000007acfe9dc8 at /HUDSON/workspace/7u-2-build-macosx-x86_64/jdk7u45/229/hotspot/src/share/vm/prims/jvm.cpp:1244
Event: 1.604 Thread 0x00007fa2cb91c000 Threw 0x00000007acfeddd8 at /HUDSON/workspace/7u-2-build-macosx-x86_64/jdk7u45/229/hotspot/src/share/vm/prims/jvm.cpp:1244
Event: 1.605 Thread 0x00007fa2cb91c000 Threw 0x00000007acff1de8 at /HUDSON/workspace/7u-2-build-macosx-x86_64/jdk7u45/229/hotspot/src/share/vm/prims/jvm.cpp:1244
Event: 1.605 Thread 0x00007fa2cb91c000 Threw 0x00000007acff5df8 at /HUDSON/workspace/7u-2-build-macosx-x86_64/jdk7u45/229/hotspot/src/share/vm/prims/jvm.cpp:1244
Event: 1.606 Thread 0x00007fa2cb91c000 Threw 0x00000007acff9e08 at /HUDSON/workspace/7u-2-build-macosx-x86_64/jdk7u45/229/hotspot/src/share/vm/prims/jvm.cpp:1244
Event: 1.611 Thread 0x00007fa2cb91c000 Threw 0x00000007ad00a9e8 at /HUDSON/workspace/7u-2-build-macosx-x86_64/jdk7u45/229/hotspot/src/share/vm/prims/jvm.cpp:1244
Event: 13.962 Thread 0x00007fa2cb91c000 Threw 0x00000007ad00fa00 at /HUDSON/workspace/7u-2-build-macosx-x86_64/jdk7u45/229/hotspot/src/share/vm/prims/jvm.cpp:1244
Event: 14.014 Thread 0x00007fa2cb91c000 Threw 0x00000007ad016ad0 at /HUDSON/workspace/7u-2-build-macosx-x86_64/jdk7u45/229/hotspot/src/share/vm/prims/jvm.cpp:1244
Event: 14.216 Thread 0x00007fa2cb91c000 Threw 0x00000007ad01fda8 at /HUDSON/workspace/7u-2-build-macosx-x86_64/jdk7u45/229/hotspot/src/share/vm/prims/jvm.cpp:1244

Events (10 events):
Event: 416.057 Executing VM operation: ChangeSingleStep
Event: 416.057 Executing VM operation: ChangeSingleStep done
Event: 416.057 Executing VM operation: ChangeSingleStep
Event: 416.057 Executing VM operation: ChangeSingleStep done
Event: 416.135 Executing VM operation: GetOrSetLocal
Event: 416.135 Executing VM operation: GetOrSetLocal done
Event: 416.216 Executing VM operation: GetOrSetLocal
Event: 416.216 Executing VM operation: GetOrSetLocal done
Event: 417.152 Executing VM operation: GetOrSetLocal
Event: 417.152 Executing VM operation: GetOrSetLocal done


Dynamic libraries:
0x0000000009252000 	/System/Library/Frameworks/Cocoa.framework/Versions/A/Cocoa
0x0000000009252000 	/System/Library/Frameworks/Security.framework/Versions/A/Security
0x0000000009252000 	/System/Library/Frameworks/ApplicationServices.framework/Versions/A/ApplicationServices
0x0000000009252000 	/usr/lib/libz.1.dylib
0x0000000009252000 	/usr/lib/libSystem.B.dylib
0x0000000009252000 	/usr/lib/libobjc.A.dylib
0x0000000009252000 	/System/Library/Frameworks/CoreFoundation.framework/Versions/A/CoreFoundation
0x0000000009252000 	/System/Library/Frameworks/Foundation.framework/Versions/C/Foundation
0x0000000009252000 	/System/Library/Frameworks/AppKit.framework/Versions/C/AppKit
0x0000000009252000 	/System/Library/Frameworks/CoreData.framework/Versions/A/CoreData
0x0000000009252000 	/System/Library/PrivateFrameworks/RemoteViewServices.framework/Versions/A/RemoteViewServices
0x0000000009252000 	/System/Library/Frameworks/AudioToolbox.framework/Versions/A/AudioToolbox
0x0000000009252000 	/System/Library/Frameworks/AudioUnit.framework/Versions/A/AudioUnit
0x0000000009252000 	/System/Library/PrivateFrameworks/DataDetectorsCore.framework/Versions/A/DataDetectorsCore
0x0000000009252000 	/System/Library/PrivateFrameworks/DesktopServicesPriv.framework/Versions/A/DesktopServicesPriv
0x0000000009252000 	/System/Library/Frameworks/Carbon.framework/Versions/A/Frameworks/HIToolbox.framework/Versions/A/HIToolbox
0x0000000009252000 	/System/Library/Frameworks/QuartzCore.framework/Versions/A/QuartzCore
0x0000000009252000 	/System/Library/Frameworks/Carbon.framework/Versions/A/Frameworks/SpeechRecognition.framework/Versions/A/SpeechRecognition
0x0000000009252000 	/usr/lib/libauto.dylib
0x0000000009252000 	/usr/lib/libicucore.A.dylib
0x0000000009252000 	/usr/lib/libxml2.2.dylib
0x0000000009252000 	/System/Library/PrivateFrameworks/CoreUI.framework/Versions/A/CoreUI
0x0000000009252000 	/System/Library/Frameworks/CoreAudio.framework/Versions/A/CoreAudio
0x0000000009252000 	/System/Library/Frameworks/DiskArbitration.framework/Versions/A/DiskArbitration
0x0000000009252000 	/usr/lib/liblangid.dylib
0x0000000009252000 	/System/Library/PrivateFrameworks/MultitouchSupport.framework/Versions/A/MultitouchSupport
0x0000000009252000 	/System/Library/Frameworks/IOKit.framework/Versions/A/IOKit
0x0000000009252000 	/usr/lib/libDiagnosticMessagesClient.dylib
0x0000000009252000 	/System/Library/Frameworks/CoreServices.framework/Versions/A/CoreServices
0x0000000009252000 	/System/Library/PrivateFrameworks/PerformanceAnalysis.framework/Versions/A/PerformanceAnalysis
0x0000000009252000 	/System/Library/PrivateFrameworks/GenerationalStorage.framework/Versions/A/GenerationalStorage
0x0000000009252000 	/System/Library/Frameworks/OpenGL.framework/Versions/A/OpenGL
0x0000000009252000 	/System/Library/PrivateFrameworks/Sharing.framework/Versions/A/Sharing
0x0000000009252000 	/System/Library/Frameworks/ImageIO.framework/Versions/A/ImageIO
0x0000000009252000 	/System/Library/Frameworks/CoreText.framework/Versions/A/CoreText
0x0000000009252000 	/System/Library/Frameworks/CoreGraphics.framework/Versions/A/CoreGraphics
0x0000000009252000 	/System/Library/PrivateFrameworks/Backup.framework/Versions/A/Backup
0x0000000009252000 	/System/Library/Frameworks/CFNetwork.framework/Versions/A/CFNetwork
0x0000000009252000 	/System/Library/Frameworks/SystemConfiguration.framework/Versions/A/SystemConfiguration
0x0000000009252000 	/usr/lib/libCRFSuite.dylib
0x0000000009252000 	/usr/lib/libc++.1.dylib
0x0000000009252000 	/usr/lib/libc++abi.dylib
0x0000000009252000 	/usr/lib/system/libcache.dylib
0x0000000009252000 	/usr/lib/system/libcommonCrypto.dylib
0x0000000009252000 	/usr/lib/system/libcompiler_rt.dylib
0x0000000009252000 	/usr/lib/system/libcopyfile.dylib
0x0000000009252000 	/usr/lib/system/libcorecrypto.dylib
0x0000000009252000 	/usr/lib/system/libdispatch.dylib
0x0000000009252000 	/usr/lib/system/libdyld.dylib
0x0000000009252000 	/usr/lib/system/libkeymgr.dylib
0x0000000009252000 	/usr/lib/system/liblaunch.dylib
0x0000000009252000 	/usr/lib/system/libmacho.dylib
0x0000000009252000 	/usr/lib/system/libquarantine.dylib
0x0000000009252000 	/usr/lib/system/libremovefile.dylib
0x0000000009252000 	/usr/lib/system/libsystem_asl.dylib
0x0000000009252000 	/usr/lib/system/libsystem_blocks.dylib
0x0000000009252000 	/usr/lib/system/libsystem_c.dylib
0x0000000009252000 	/usr/lib/system/libsystem_configuration.dylib
0x0000000009252000 	/usr/lib/system/libsystem_dnssd.dylib
0x0000000009252000 	/usr/lib/system/libsystem_info.dylib
0x0000000009252000 	/usr/lib/system/libsystem_kernel.dylib
0x0000000009252000 	/usr/lib/system/libsystem_m.dylib
0x0000000009252000 	/usr/lib/system/libsystem_malloc.dylib
0x0000000009252000 	/usr/lib/system/libsystem_network.dylib
0x0000000009252000 	/usr/lib/system/libsystem_notify.dylib
0x0000000009252000 	/usr/lib/system/libsystem_platform.dylib
0x0000000009252000 	/usr/lib/system/libsystem_pthread.dylib
0x0000000009252000 	/usr/lib/system/libsystem_sandbox.dylib
0x0000000009252000 	/usr/lib/system/libsystem_stats.dylib
0x0000000009252000 	/usr/lib/system/libunc.dylib
0x0000000009252000 	/usr/lib/system/libunwind.dylib
0x0000000009252000 	/usr/lib/system/libxpc.dylib
0x0000000009252000 	/usr/lib/libbsm.0.dylib
0x0000000009252000 	/usr/lib/libsqlite3.dylib
0x0000000009252000 	/usr/lib/libxar.1.dylib
0x0000000009252000 	/usr/lib/libpam.2.dylib
0x0000000009252000 	/usr/lib/libOpenScriptingUtil.dylib
0x0000000009252000 	/usr/lib/libbz2.1.0.dylib
0x0000000009252000 	/System/Library/Frameworks/CoreServices.framework/Versions/A/Frameworks/CarbonCore.framework/Versions/A/CarbonCore
0x0000000009252000 	/System/Library/Frameworks/CoreServices.framework/Versions/A/Frameworks/Metadata.framework/Versions/A/Metadata
0x0000000009252000 	/System/Library/Frameworks/CoreServices.framework/Versions/A/Frameworks/OSServices.framework/Versions/A/OSServices
0x0000000009252000 	/System/Library/Frameworks/CoreServices.framework/Versions/A/Frameworks/SearchKit.framework/Versions/A/SearchKit
0x0000000009252000 	/System/Library/Frameworks/CoreServices.framework/Versions/A/Frameworks/AE.framework/Versions/A/AE
0x0000000009252000 	/System/Library/Frameworks/CoreServices.framework/Versions/A/Frameworks/LaunchServices.framework/Versions/A/LaunchServices
0x0000000009252000 	/System/Library/Frameworks/CoreServices.framework/Versions/A/Frameworks/DictionaryServices.framework/Versions/A/DictionaryServices
0x0000000009252000 	/System/Library/Frameworks/NetFS.framework/Versions/A/NetFS
0x0000000009252000 	/usr/lib/system/libkxld.dylib
0x0000000009252000 	/System/Library/PrivateFrameworks/NetAuth.framework/Versions/A/NetAuth
0x0000000009252000 	/System/Library/PrivateFrameworks/TCC.framework/Versions/A/TCC
0x0000000009252000 	/System/Library/Frameworks/OpenDirectory.framework/Versions/A/Frameworks/CFOpenDirectory.framework/Versions/A/CFOpenDirectory
0x0000000009252000 	/System/Library/Frameworks/ServiceManagement.framework/Versions/A/ServiceManagement
0x0000000009252000 	/usr/lib/libxslt.1.dylib
0x0000000009252000 	/System/Library/Frameworks/Carbon.framework/Versions/A/Frameworks/Ink.framework/Versions/A/Ink
0x0000000009252000 	/System/Library/Frameworks/ApplicationServices.framework/Versions/A/Frameworks/ATS.framework/Versions/A/ATS
0x0000000009252000 	/System/Library/Frameworks/ApplicationServices.framework/Versions/A/Frameworks/ColorSync.framework/Versions/A/ColorSync
0x0000000009252000 	/System/Library/Frameworks/ApplicationServices.framework/Versions/A/Frameworks/HIServices.framework/Versions/A/HIServices
0x0000000009252000 	/System/Library/Frameworks/ApplicationServices.framework/Versions/A/Frameworks/LangAnalysis.framework/Versions/A/LangAnalysis
0x0000000009252000 	/System/Library/Frameworks/ApplicationServices.framework/Versions/A/Frameworks/PrintCore.framework/Versions/A/PrintCore
0x0000000009252000 	/System/Library/Frameworks/ApplicationServices.framework/Versions/A/Frameworks/QD.framework/Versions/A/QD
0x0000000009252000 	/System/Library/Frameworks/ApplicationServices.framework/Versions/A/Frameworks/SpeechSynthesis.framework/Versions/A/SpeechSynthesis
0x0000000009252000 	/System/Library/Frameworks/IOSurface.framework/Versions/A/IOSurface
0x0000000009252000 	/System/Library/Frameworks/Accelerate.framework/Versions/A/Accelerate
0x0000000009252000 	/System/Library/Frameworks/Accelerate.framework/Versions/A/Frameworks/vImage.framework/Versions/A/vImage
0x0000000009252000 	/System/Library/Frameworks/Accelerate.framework/Versions/A/Frameworks/vecLib.framework/Versions/A/vecLib
0x0000000009252000 	/System/Library/Frameworks/Accelerate.framework/Versions/A/Frameworks/vecLib.framework/Versions/A/libvDSP.dylib
0x0000000009252000 	/System/Library/Frameworks/Accelerate.framework/Versions/A/Frameworks/vecLib.framework/Versions/A/libvMisc.dylib
0x0000000009252000 	/System/Library/Frameworks/Accelerate.framework/Versions/A/Frameworks/vecLib.framework/Versions/A/libLAPACK.dylib
0x0000000009252000 	/System/Library/Frameworks/Accelerate.framework/Versions/A/Frameworks/vecLib.framework/Versions/A/libBLAS.dylib
0x0000000009252000 	/System/Library/Frameworks/ApplicationServices.framework/Versions/A/Frameworks/ATS.framework/Versions/A/Resources/libFontParser.dylib
0x0000000009252000 	/System/Library/Frameworks/ApplicationServices.framework/Versions/A/Frameworks/ATS.framework/Versions/A/Resources/libFontRegistry.dylib
0x0000000009252000 	/System/Library/Frameworks/ImageIO.framework/Versions/A/Resources/libJPEG.dylib
0x0000000009252000 	/System/Library/Frameworks/ImageIO.framework/Versions/A/Resources/libTIFF.dylib
0x0000000009252000 	/System/Library/Frameworks/ImageIO.framework/Versions/A/Resources/libPng.dylib
0x0000000009252000 	/System/Library/Frameworks/ImageIO.framework/Versions/A/Resources/libGIF.dylib
0x0000000009252000 	/System/Library/Frameworks/ImageIO.framework/Versions/A/Resources/libJP2.dylib
0x0000000009252000 	/System/Library/Frameworks/ImageIO.framework/Versions/A/Resources/libRadiance.dylib
0x0000000009252000 	/usr/lib/libcups.2.dylib
0x0000000009252000 	/System/Library/Frameworks/Kerberos.framework/Versions/A/Kerberos
0x0000000009252000 	/System/Library/Frameworks/GSS.framework/Versions/A/GSS
0x0000000009252000 	/usr/lib/libresolv.9.dylib
0x0000000009252000 	/usr/lib/libiconv.2.dylib
0x0000000009252000 	/System/Library/PrivateFrameworks/Heimdal.framework/Versions/A/Heimdal
0x0000000009252000 	/System/Library/PrivateFrameworks/TrustEvaluationAgent.framework/Versions/A/TrustEvaluationAgent
0x0000000009252000 	/usr/lib/libheimdal-asn1.dylib
0x0000000009252000 	/System/Library/Frameworks/OpenDirectory.framework/Versions/A/OpenDirectory
0x0000000009252000 	/System/Library/PrivateFrameworks/CommonAuth.framework/Versions/A/CommonAuth
0x0000000009252000 	/System/Library/Frameworks/SecurityFoundation.framework/Versions/A/SecurityFoundation
0x0000000009252000 	/System/Library/PrivateFrameworks/Bom.framework/Versions/A/Bom
0x0000000009252000 	/System/Library/Frameworks/CoreVideo.framework/Versions/A/CoreVideo
0x0000000009252000 	/System/Library/Frameworks/QuartzCore.framework/Versions/A/Frameworks/CoreImage.framework/Versions/A/CoreImage
0x0000000009252000 	/System/Library/Frameworks/QuartzCore.framework/Versions/A/Frameworks/ScalableUserInterface.framework/Versions/A/ScalableUserInterface
0x0000000009252000 	/System/Library/Frameworks/OpenGL.framework/Versions/A/Libraries/libGLU.dylib
0x0000000009252000 	/System/Library/Frameworks/OpenGL.framework/Versions/A/Libraries/libGFXShared.dylib
0x0000000009252000 	/System/Library/Frameworks/OpenGL.framework/Versions/A/Libraries/libGL.dylib
0x0000000009252000 	/System/Library/Frameworks/OpenGL.framework/Versions/A/Libraries/libGLImage.dylib
0x0000000009252000 	/System/Library/Frameworks/OpenGL.framework/Versions/A/Libraries/libCVMSPluginSupport.dylib
0x0000000009252000 	/System/Library/Frameworks/OpenGL.framework/Versions/A/Libraries/libCoreVMClient.dylib
0x0000000009252000 	/System/Library/PrivateFrameworks/FaceCore.framework/Versions/A/FaceCore
0x0000000009252000 	/System/Library/PrivateFrameworks/CrashReporterSupport.framework/Versions/A/CrashReporterSupport
0x0000000009252000 	/System/Library/Frameworks/OpenCL.framework/Versions/A/OpenCL
0x0000000009252000 	/System/Library/PrivateFrameworks/AppleFSCompression.framework/Versions/A/AppleFSCompression
0x0000000009252000 	/System/Library/PrivateFrameworks/Ubiquity.framework/Versions/A/Ubiquity
0x0000000009252000 	/System/Library/PrivateFrameworks/IconServices.framework/Versions/A/IconServices
0x0000000009252000 	/System/Library/PrivateFrameworks/ChunkingLibrary.framework/Versions/A/ChunkingLibrary
0x0000000009252000 	/System/Library/PrivateFrameworks/CoreSymbolication.framework/Versions/A/CoreSymbolication
0x0000000009252000 	/System/Library/PrivateFrameworks/Symbolication.framework/Versions/A/Symbolication
0x0000000009252000 	/System/Library/PrivateFrameworks/DebugSymbols.framework/Versions/A/DebugSymbols
0x0000000108400000 	/Library/Java/JavaVirtualMachines/jdk1.7.0_45.jdk/Contents/Home/jre/lib/server/libjvm.dylib
0x0000000009252000 	/usr/lib/libstdc++.6.dylib
0x00000001073ee000 	/Library/Java/JavaVirtualMachines/jdk1.7.0_45.jdk/Contents/Home/jre/lib/libverify.dylib
0x0000000108e53000 	/Library/Java/JavaVirtualMachines/jdk1.7.0_45.jdk/Contents/Home/jre/lib/libjava.dylib
0x0000000108e83000 	/Library/Java/JavaVirtualMachines/jdk1.7.0_45.jdk/Contents/Home/jre/lib/libjdwp.dylib
0x00000001073fc000 	/Library/Java/JavaVirtualMachines/jdk1.7.0_45.jdk/Contents/Home/jre/lib/libnpt.dylib
0x0000000108ec9000 	/Library/Java/JavaVirtualMachines/jdk1.7.0_45.jdk/Contents/Home/jre/lib/libzip.dylib
0x000000011829d000 	/System/Library/Frameworks/JavaVM.framework/Frameworks/JavaRuntimeSupport.framework/JavaRuntimeSupport
0x00000001182b5000 	/System/Library/Frameworks/JavaVM.framework/Versions/A/Frameworks/JavaNativeFoundation.framework/Versions/A/JavaNativeFoundation
0x00000001182ca000 	/System/Library/Frameworks/JavaVM.framework/Versions/A/JavaVM
0x0000000009252000 	/System/Library/Frameworks/Carbon.framework/Versions/A/Carbon
0x00000001182d7000 	/System/Library/PrivateFrameworks/JavaLaunching.framework/Versions/A/JavaLaunching
0x0000000009252000 	/System/Library/Frameworks/Carbon.framework/Versions/A/Frameworks/CommonPanels.framework/Versions/A/CommonPanels
0x0000000009252000 	/System/Library/Frameworks/Carbon.framework/Versions/A/Frameworks/Help.framework/Versions/A/Help
0x0000000009252000 	/System/Library/Frameworks/Carbon.framework/Versions/A/Frameworks/ImageCapture.framework/Versions/A/ImageCapture
0x0000000009252000 	/System/Library/Frameworks/Carbon.framework/Versions/A/Frameworks/OpenScripting.framework/Versions/A/OpenScripting
0x0000000009252000 	/System/Library/Frameworks/Carbon.framework/Versions/A/Frameworks/Print.framework/Versions/A/Print
0x0000000009252000 	/System/Library/Frameworks/Carbon.framework/Versions/A/Frameworks/SecurityHI.framework/Versions/A/SecurityHI
0x00000001184ee000 	/Library/Java/JavaVirtualMachines/jdk1.7.0_45.jdk/Contents/Home/jre/lib/libdt_socket.dylib
0x0000000118e63000 	/Library/Java/JavaVirtualMachines/jdk1.7.0_45.jdk/Contents/Home/jre/lib/libnio.dylib
0x0000000118e72000 	/Library/Java/JavaVirtualMachines/jdk1.7.0_45.jdk/Contents/Home/jre/lib/./libnet.dylib
0x0000000119137000 	/Library/Java/JavaVirtualMachines/jdk1.7.0_45.jdk/Contents/Home/jre/lib/libawt.dylib
0x00000001191e6000 	/Library/Java/JavaVirtualMachines/jdk1.7.0_45.jdk/Contents/Home/jre/lib/./libmlib_image.dylib
0x00000001192b2000 	/Library/Java/JavaVirtualMachines/jdk1.7.0_45.jdk/Contents/Home/jre/lib/lwawt/liblwawt.dylib
0x0000000119366000 	/Library/Java/JavaVirtualMachines/jdk1.7.0_45.jdk/Contents/Home/jre/lib/libosxapp.dylib
0x0000000009252000 	/System/Library/Frameworks/ExceptionHandling.framework/Versions/A/ExceptionHandling
0x0000000009252000 	/System/Library/PrivateFrameworks/CoreServicesInternal.framework/Versions/A/CoreServicesInternal
0x0000000009252000 	/System/Library/PrivateFrameworks/Librarian.framework/Versions/A/Librarian
0x0000000009252000 	/System/Library/Frameworks/CoreGraphics.framework/Versions/A/Resources/libCGCMS.A.dylib
0x0000000009252000 	/System/Library/Frameworks/CoreGraphics.framework/Versions/A/Resources/libRIP.A.dylib
0x0000000009252000 	/System/Library/CoreServices/RawCamera.bundle/Contents/MacOS/RawCamera
0x0000000009252000 	/System/Library/Frameworks/CoreGraphics.framework/Versions/A/Resources/libCGXType.A.dylib
0x0000000009252000 	/System/Library/PrivateFrameworks/FamilyControls.framework/Versions/A/FamilyControls
0x0000000009252000 	/System/Library/PrivateFrameworks/CommerceKit.framework/Versions/A/Frameworks/CommerceCore.framework/Versions/A/CommerceCore
0x0000000009252000 	/System/Library/PrivateFrameworks/SystemAdministration.framework/Versions/A/SystemAdministration
0x0000000009252000 	/System/Library/Frameworks/DirectoryService.framework/Versions/A/DirectoryService
0x0000000009252000 	/System/Library/PrivateFrameworks/DiskImages.framework/Versions/A/DiskImages
0x0000000009252000 	/System/Library/PrivateFrameworks/LoginUIKit.framework/Versions/A/Frameworks/LoginUICore.framework/Versions/A/LoginUICore
0x0000000009252000 	/usr/lib/libCoreStorage.dylib
0x0000000009252000 	/usr/lib/libcsfde.dylib
0x0000000009252000 	/usr/lib/libodfde.dylib
0x0000000009252000 	/System/Library/Frameworks/DiscRecording.framework/Versions/A/DiscRecording
0x0000000009252000 	/usr/lib/libcurl.4.dylib
0x0000000009252000 	/System/Library/PrivateFrameworks/MediaKit.framework/Versions/A/MediaKit
0x0000000009252000 	/System/Library/PrivateFrameworks/EFILogin.framework/Versions/A/EFILogin
0x0000000009252000 	/usr/lib/libutil.dylib
0x0000000009252000 	/System/Library/PrivateFrameworks/AOSNotification.framework/Versions/A/AOSNotification
0x0000000009252000 	/System/Library/Frameworks/LDAP.framework/Versions/A/LDAP
0x0000000009252000 	/usr/lib/libsasl2.2.dylib
0x0000000009252000 	/usr/lib/libcrypto.0.9.8.dylib
0x0000000009252000 	/usr/lib/libssl.0.9.8.dylib
0x000000011ac0b000 	/Library/Java/Extensions/librxtxSerial.jnilib
0x000000011dc65000 	/Library/Java/JavaVirtualMachines/jdk1.7.0_45.jdk/Contents/Home/jre/lib/libfontmanager.dylib

VM Arguments:
jvm_args: -agentlib:jdwp=transport=dt_socket,suspend=y,address=localhost:63800 -Dfile.encoding=US-ASCII 
java_command: ecologylab.standalone.GeoServiceSim GeoServicePrefs.xml
Launcher Type: SUN_STANDARD

Environment Variables:
PATH=/usr/bin:/bin:/usr/sbin:/sbin
SHELL=/bin/bash
DISPLAY=/tmp/launch-7XpPHW/org.macosforge.xquartz:0

Signal Handlers:
SIGSEGV: [libjvm.dylib+0x525415], sa_mask[0]=0xfffefeff, sa_flags=0x00000043
SIGBUS: [libjvm.dylib+0x525415], sa_mask[0]=0xfffefeff, sa_flags=0x00000042
SIGFPE: [libjvm.dylib+0x41891a], sa_mask[0]=0xfffefeff, sa_flags=0x00000042
SIGPIPE: [libjvm.dylib+0x41891a], sa_mask[0]=0xfffefeff, sa_flags=0x00000042
SIGXFSZ: [libjvm.dylib+0x41891a], sa_mask[0]=0xfffefeff, sa_flags=0x00000042
SIGILL: [libjvm.dylib+0x41891a], sa_mask[0]=0xfffefeff, sa_flags=0x00000042
SIGUSR1: SIG_DFL, sa_mask[0]=0x00000000, sa_flags=0x00000002
SIGUSR2: [libjvm.dylib+0x41840c], sa_mask[0]=0x00000004, sa_flags=0x00000042
SIGHUP: [libjvm.dylib+0x41669b], sa_mask[0]=0xfffefeff, sa_flags=0x00000042
SIGINT: [libjvm.dylib+0x41669b], sa_mask[0]=0xfffefeff, sa_flags=0x00000042
SIGTERM: [libjvm.dylib+0x41669b], sa_mask[0]=0xfffefeff, sa_flags=0x00000042
SIGQUIT: [libjvm.dylib+0x41669b], sa_mask[0]=0xfffefeff, sa_flags=0x00000042


---------------  S Y S T E M  ---------------

OS:Bsduname:Darwin 13.0.2 Darwin Kernel Version 13.0.2: Sun Sep 29 19:38:57 PDT 2013; root:xnu-2422.75.4~1/RELEASE_X86_64 x86_64
rlimit: STACK 8192k, CORE 0k, NPROC 709, NOFILE 10240, AS infinity
load average:2.03 2.24 2.37

CPU:total 8 (4 cores per cpu, 2 threads per core) family 6 model 70 stepping 1, cmov, cx8, fxsr, mmx, sse, sse2, sse3, ssse3, sse4.1, sse4.2, popcnt, avx, avx2, aes, erms, ht, tsc, tscinvbit

Memory: 4k page, physical 16777216k(4194304k free)

/proc/meminfo:


vm_info: Java HotSpot(TM) 64-Bit Server VM (24.45-b08) for bsd-amd64 JRE (1.7.0_45-b18), built on Oct  8 2013 05:54:16 by "java_re" with gcc 4.2.1 (Based on Apple Inc. build 5658) (LLVM build 2336.11.00)

time: Fri Feb 28 16:26:09 2014
elapsed time: 417 seconds

